<?xml version="1.0" encoding="UTF-8"?>
<!-- Generated by com.github.diegolovison.testngreporter.listener.PolarionReporter -->
<testsuite skipped="0" hostname="diego-note" name="com.github.diegolovison.testngreporter.ParamTest" tests="4" failures="0" timestamp="19 jun 2018 17:24:21 GMT" time="0.014" errors="0">
  <testcase name="testAssertEquals([d, d])" time="0.000" classname="com.github.diegolovison.testngreporter.ParamTest"/>
  <testcase name="testAssertEquals([a, a])" time="0.013" classname="com.github.diegolovison.testngreporter.ParamTest"/>
  <testcase name="testAssertEquals([c, c])" time="0.001" classname="com.github.diegolovison.testngreporter.ParamTest"/>
  <testcase name="testAssertEquals([b, b])" time="0.000" classname="com.github.diegolovison.testngreporter.ParamTest"/>
</testsuite> <!-- com.github.diegolovison.testngreporter.ParamTest -->
