<?xml version="1.0" encoding="UTF-8"?>
<!-- Generated by org.testng.reporters.JUnitReportReporter -->
<testsuite skipped="0" hostname="diego-note" name="com.github.diegolovison.testngreporter.FooTest" tests="1" failures="0" timestamp="12 jun 2018 18:45:54 GMT" time="0.001" errors="0">
  <testcase name="b" time="0.001" classname="com.github.diegolovison.testngreporter.FooTest"/>
</testsuite> <!-- com.github.diegolovison.testngreporter.FooTest -->
