<?xml version="1.0" encoding="UTF-8"?>
<!-- Generated by org.testng.reporters.JUnitReportReporter -->
<testsuite skipped="1" hostname="diego-note" name="com.github.diegolovison.testngreporter.FooTest" tests="2" failures="0" timestamp="19 jun 2018 16:43:36 GMT" time="0.000" errors="0">
  <testcase name="b" time="0.000" classname="com.github.diegolovison.testngreporter.FooTest"/>
  <testcase name="c" classname="com.github.diegolovison.testngreporter.FooTest">
    <skipped/>
  </testcase> <!-- c -->
</testsuite> <!-- com.github.diegolovison.testngreporter.FooTest -->
