<?xml version="1.0" encoding="UTF-8"?>
<!-- Generated by org.testng.reporters.JUnitReportReporter -->
<testsuite skipped="0" hostname="diego-note" name="com.github.diegolovison.testngreporter.ParamTest" tests="4" failures="0" timestamp="19 jun 2018 17:25:44 GMT" time="0.024" errors="0">
  <testcase name="testAssertEquals" time="0.001" classname="com.github.diegolovison.testngreporter.ParamTest"/>
  <testcase name="testAssertEquals" time="0.001" classname="com.github.diegolovison.testngreporter.ParamTest"/>
  <testcase name="testAssertEquals" time="0.022" classname="com.github.diegolovison.testngreporter.ParamTest"/>
  <testcase name="testAssertEquals" time="0.000" classname="com.github.diegolovison.testngreporter.ParamTest"/>
</testsuite> <!-- com.github.diegolovison.testngreporter.ParamTest -->
